{"/workspace/b0a652fe-2367-4784-8d99-5a38e27c159e/frontend/src/components/Calculator.tsx": {"path":"/workspace/b0a652fe-2367-4784-8d99-5a38e27c159e/frontend/src/components/Calculator.tsx","statementMap":{"0":{"start":{"line":17,"column":6},"end":{"line":90,"column":null}},"1":{"start":{"line":29,"column":8},"end":{"line":31,"column":null}},"2":{"start":{"line":30,"column":18},"end":{"line":30,"column":44}},"3":{"start":{"line":31,"column":4},"end":{"line":31,"column":null}},"4":{"start":{"line":34,"column":8},"end":{"line":36,"column":null}},"5":{"start":{"line":35,"column":18},"end":{"line":35,"column":44}},"6":{"start":{"line":36,"column":4},"end":{"line":36,"column":null}},"7":{"start":{"line":39,"column":8},"end":{"line":41,"column":null}},"8":{"start":{"line":40,"column":4},"end":{"line":40,"column":null}},"9":{"start":{"line":41,"column":4},"end":{"line":41,"column":null}},"10":{"start":{"line":44,"column":2},"end":{"line":90,"column":null}},"11":{"start":{"line":73,"column":25},"end":{"line":73,"column":52}},"12":{"start":{"line":78,"column":25},"end":{"line":78,"column":57}}},"fnMap":{"0":{"name":"(anonymous_0)","decl":{"start":{"line":17,"column":6},"end":{"line":17,"column":56}},"loc":{"start":{"line":28,"column":6},"end":{"line":90,"column":null}},"line":28},"1":{"name":"(anonymous_1)","decl":{"start":{"line":29,"column":8},"end":{"line":29,"column":32}},"loc":{"start":{"line":29,"column":69},"end":{"line":31,"column":null}},"line":29},"2":{"name":"(anonymous_2)","decl":{"start":{"line":34,"column":8},"end":{"line":34,"column":32}},"loc":{"start":{"line":34,"column":69},"end":{"line":36,"column":null}},"line":34},"3":{"name":"(anonymous_3)","decl":{"start":{"line":39,"column":8},"end":{"line":39,"column":32}},"loc":{"start":{"line":39,"column":59},"end":{"line":41,"column":null}},"line":39},"4":{"name":"(anonymous_4)","decl":{"start":{"line":73,"column":10},"end":{"line":73,"column":25}},"loc":{"start":{"line":73,"column":25},"end":{"line":73,"column":52}},"line":73},"5":{"name":"(anonymous_5)","decl":{"start":{"line":78,"column":10},"end":{"line":78,"column":25}},"loc":{"start":{"line":78,"column":25},"end":{"line":78,"column":57}},"line":78}},"branchMap":{"0":{"loc":{"start":{"line":31,"column":16},"end":{"line":31,"column":41}},"type":"cond-expr","locations":[{"start":{"line":31,"column":31},"end":{"line":31,"column":35}},{"start":{"line":31,"column":35},"end":{"line":31,"column":41}}],"line":31},"1":{"loc":{"start":{"line":36,"column":16},"end":{"line":36,"column":41}},"type":"cond-expr","locations":[{"start":{"line":36,"column":31},"end":{"line":36,"column":35}},{"start":{"line":36,"column":35},"end":{"line":36,"column":41}}],"line":36},"2":{"loc":{"start":{"line":83,"column":7},"end":{"line":83,"column":null}},"type":"binary-expr","locations":[{"start":{"line":83,"column":7},"end":{"line":83,"column":18}},{"start":{"line":83,"column":18},"end":{"line":83,"column":null}}],"line":83},"3":{"loc":{"start":{"line":87,"column":9},"end":{"line":90,"column":null}},"type":"cond-expr","locations":[{"start":{"line":88,"column":10},"end":{"line":90,"column":11}},{"start":{"line":90,"column":10},"end":{"line":90,"column":null}}],"line":87},"4":{"loc":{"start":{"line":90,"column":34},"end":{"line":90,"column":71}},"type":"cond-expr","locations":[{"start":{"line":90,"column":52},"end":{"line":90,"column":61}},{"start":{"line":90,"column":61},"end":{"line":90,"column":71}}],"line":90}},"s":{"0":1,"1":10,"2":0,"3":0,"4":10,"5":0,"6":0,"7":10,"8":1,"9":1,"10":10,"11":1,"12":0},"f":{"0":10,"1":0,"2":0,"3":1,"4":1,"5":0},"b":{"0":[0,0],"1":[0,0],"2":[10,1],"3":[1,9],"4":[1,8]},"meta":{"lastBranch":5,"lastFunction":6,"lastStatement":13,"seen":{"s:17:6:90:Infinity":0,"f:17:6:17:56":0,"s:29:8:31:Infinity":1,"f:29:8:29:32":1,"s:30:18:30:44":2,"s:31:4:31:Infinity":3,"b:31:31:31:35:31:35:31:41":0,"s:34:8:36:Infinity":4,"f:34:8:34:32":2,"s:35:18:35:44":5,"s:36:4:36:Infinity":6,"b:36:31:36:35:36:35:36:41":1,"s:39:8:41:Infinity":7,"f:39:8:39:32":3,"s:40:4:40:Infinity":8,"s:41:4:41:Infinity":9,"s:44:2:90:Infinity":10,"f:73:10:73:25":4,"s:73:25:73:52":11,"f:78:10:78:25":5,"s:78:25:78:57":12,"b:83:7:83:18:83:18:83:Infinity":2,"b:88:10:90:11:90:10:90:Infinity":3,"b:90:52:90:61:90:61:90:71":4}}}
,"/workspace/b0a652fe-2367-4784-8d99-5a38e27c159e/frontend/src/components/OperationButton.tsx": {"path":"/workspace/b0a652fe-2367-4784-8d99-5a38e27c159e/frontend/src/components/OperationButton.tsx","statementMap":{"0":{"start":{"line":9,"column":6},"end":{"line":16,"column":null}},"1":{"start":{"line":10,"column":16},"end":{"line":10,"column":null}},"2":{"start":{"line":11,"column":20},"end":{"line":11,"column":null}},"3":{"start":{"line":13,"column":2},"end":{"line":16,"column":null}}},"fnMap":{"0":{"name":"(anonymous_0)","decl":{"start":{"line":9,"column":6},"end":{"line":9,"column":66}},"loc":{"start":{"line":9,"column":103},"end":{"line":16,"column":null}},"line":9}},"branchMap":{"0":{"loc":{"start":{"line":10,"column":16},"end":{"line":10,"column":null}},"type":"cond-expr","locations":[{"start":{"line":10,"column":38},"end":{"line":10,"column":48}},{"start":{"line":10,"column":48},"end":{"line":10,"column":null}}],"line":10}},"s":{"0":2,"1":26,"2":26,"3":26},"f":{"0":26},"b":{"0":[14,12]},"meta":{"lastBranch":1,"lastFunction":1,"lastStatement":4,"seen":{"s:9:6:16:Infinity":0,"f:9:6:9:66":0,"s:10:16:10:Infinity":1,"b:10:38:10:48:10:48:10:Infinity":0,"s:11:20:11:Infinity":2,"s:13:2:16:Infinity":3}}}
,"/workspace/b0a652fe-2367-4784-8d99-5a38e27c159e/frontend/src/hooks/useCalculator.ts": {"path":"/workspace/b0a652fe-2367-4784-8d99-5a38e27c159e/frontend/src/hooks/useCalculator.ts","statementMap":{"0":{"start":{"line":20,"column":19},"end":{"line":20,"column":53}},"1":{"start":{"line":21,"column":19},"end":{"line":21,"column":53}},"2":{"start":{"line":22,"column":20},"end":{"line":22,"column":71}},"3":{"start":{"line":23,"column":17},"end":{"line":23,"column":59}},"4":{"start":{"line":24,"column":18},"end":{"line":24,"column":56}},"5":{"start":{"line":25,"column":16},"end":{"line":25,"column":57}},"6":{"start":{"line":26,"column":18},"end":{"line":26,"column":71}},"7":{"start":{"line":28,"column":8},"end":{"line":57,"column":37}},"8":{"start":{"line":29,"column":4},"end":{"line":29,"column":null}},"9":{"start":{"line":30,"column":4},"end":{"line":30,"column":null}},"10":{"start":{"line":31,"column":4},"end":{"line":31,"column":null}},"11":{"start":{"line":33,"column":4},"end":{"line":55,"column":null}},"12":{"start":{"line":34,"column":6},"end":{"line":35,"column":null}},"13":{"start":{"line":35,"column":8},"end":{"line":35,"column":null}},"14":{"start":{"line":38,"column":29},"end":{"line":40,"column":null}},"15":{"start":{"line":42,"column":44},"end":{"line":49,"column":null}},"16":{"start":{"line":51,"column":6},"end":{"line":51,"column":null}},"17":{"start":{"line":53,"column":6},"end":{"line":53,"column":null}},"18":{"start":{"line":55,"column":6},"end":{"line":55,"column":null}},"19":{"start":{"line":59,"column":8},"end":{"line":61,"column":8}},"20":{"start":{"line":60,"column":4},"end":{"line":60,"column":null}},"21":{"start":{"line":63,"column":2},"end":{"line":76,"column":null}}},"fnMap":{"0":{"name":"useCalculator","decl":{"start":{"line":19,"column":16},"end":{"line":19,"column":53}},"loc":{"start":{"line":19,"column":53},"end":{"line":76,"column":null}},"line":19},"1":{"name":"(anonymous_1)","decl":{"start":{"line":28,"column":32},"end":{"line":28,"column":44}},"loc":{"start":{"line":28,"column":44},"end":{"line":57,"column":6}},"line":28},"2":{"name":"(anonymous_2)","decl":{"start":{"line":59,"column":35},"end":{"line":59,"column":47}},"loc":{"start":{"line":59,"column":47},"end":{"line":61,"column":7}},"line":59}},"branchMap":{"0":{"loc":{"start":{"line":34,"column":6},"end":{"line":35,"column":null}},"type":"if","locations":[{"start":{"line":34,"column":6},"end":{"line":35,"column":null}},{"start":{},"end":{}}],"line":34},"1":{"loc":{"start":{"line":34,"column":10},"end":{"line":34,"column":44}},"type":"binary-expr","locations":[{"start":{"line":34,"column":10},"end":{"line":34,"column":25}},{"start":{"line":34,"column":29},"end":{"line":34,"column":44}}],"line":34},"2":{"loc":{"start":{"line":38,"column":29},"end":{"line":40,"column":null}},"type":"cond-expr","locations":[{"start":{"line":39,"column":10},"end":{"line":39,"column":null}},{"start":{"line":40,"column":10},"end":{"line":40,"column":null}}],"line":38},"3":{"loc":{"start":{"line":53,"column":15},"end":{"line":53,"column":74}},"type":"cond-expr","locations":[{"start":{"line":53,"column":38},"end":{"line":53,"column":52}},{"start":{"line":53,"column":52},"end":{"line":53,"column":74}}],"line":53}},"s":{"0":28,"1":28,"2":28,"3":28,"4":28,"5":28,"6":28,"7":28,"8":7,"9":7,"10":7,"11":7,"12":7,"13":0,"14":7,"15":7,"16":7,"17":0,"18":7,"19":28,"20":1,"21":28},"f":{"0":28,"1":7,"2":1},"b":{"0":[0,7],"1":[7,7],"2":[5,2],"3":[0,0]},"meta":{"lastBranch":4,"lastFunction":3,"lastStatement":22,"seen":{"f:19:16:19:53":0,"s:20:19:20:53":0,"s:21:19:21:53":1,"s:22:20:22:71":2,"s:23:17:23:59":3,"s:24:18:24:56":4,"s:25:16:25:57":5,"s:26:18:26:71":6,"s:28:8:57:37":7,"f:28:32:28:44":1,"s:29:4:29:Infinity":8,"s:30:4:30:Infinity":9,"s:31:4:31:Infinity":10,"s:33:4:55:Infinity":11,"b:34:6:35:Infinity:undefined:undefined:undefined:undefined":0,"s:34:6:35:Infinity":12,"b:34:10:34:25:34:29:34:44":1,"s:35:8:35:Infinity":13,"s:38:29:40:Infinity":14,"b:39:10:39:Infinity:40:10:40:Infinity":2,"s:42:44:49:Infinity":15,"s:51:6:51:Infinity":16,"s:53:6:53:Infinity":17,"b:53:38:53:52:53:52:53:74":3,"s:55:6:55:Infinity":18,"s:59:8:61:8":19,"f:59:35:59:47":2,"s:60:4:60:Infinity":20,"s:63:2:76:Infinity":21}}}
}
